#
# There is insufficient memory for the Java Runtime Environment to continue.
# Native memory allocation (mmap) failed to map 100663296 bytes for G1 virtual space
# Possible reasons:
#   The system is out of physical RAM or swap space
#   The process is running with CompressedOops enabled, and the Java Heap may be blocking the growth of the native heap
# Possible solutions:
#   Reduce memory load on the system
#   Increase physical memory or swap space
#   Check if swap backing store is full
#   Decrease Java heap size (-Xmx/-Xms)
#   Decrease number of Java threads
#   Decrease Java thread stack sizes (-Xss)
#   Set larger code cache with -XX:ReservedCodeCacheSize=
#   JVM is running with Unscaled Compressed Oops mode in which the Java heap is
#     placed in the first 4GB address space. The Java Heap base address is the
#     maximum limit for the native heap growth. Please use -XX:HeapBaseMinAddress
#     to set the Java Heap base and to place the Java Heap above 4GB virtual address.
# This output file may be truncated or incomplete.
#
#  Out of Memory Error (os_windows.cpp:3469), pid=10480, tid=10992
#
# JRE version:  (17.0.1+12) (build )
# Java VM: Java HotSpot(TM) 64-Bit Server VM (17.0.1+12-LTS-39, mixed mode, sharing, tiered, compressed oops, compressed class ptrs, g1 gc, windows-amd64)
# No core dump will be written. Minidumps are not enabled by default on client versions of Windows
#

---------------  S U M M A R Y ------------

Command Line: -Dfile.encoding=Cp1252 -XX:+ShowCodeDetailsInExceptionMessages gestiónCDs.Main

Host: Intel(R) Core(TM) i5-4210U CPU @ 1.70GHz, 4 cores, 5G,  Windows 10 , 64 bit Build 19041 (10.0.19041.1645)
Time: Thu May  5 13:14:30 2022 Paris, Madrid (heure duild 19041 (10.0.19041.1645) elapsed time: 0.019758 seconds (0d 0h 0m 0s)

---------------  T H R E A D  ---------------

Current thread (0x0000020fb681af50):  JavaThread "Unknown thread" [_thread_in_vm, id=10992, stack(0x000000d55c400000,0x000000d55c500000)]

Stack: [0x000000d55c400000,0x000000d55c500000]
Native frames: (J=compiled Java code, j=interpreted, Vv=VM code, C=native code)
V  [jvm.dll+0x66fa1a]
V  [jvm.dll+0x7ce5a4]
V  [jvm.dll+0x7cfd4e]
V  [jvm.dll+0x7d03b3]
V  [jvm.dll+0x242b05]
V  [jvm.dll+0x66ca39]
V  [jvm.dll+0x661502]
V  [jvm.dll+0x30081b]
V  [jvm.dll+0x307da6]
V  [jvm.dll+0x357a1e]
V  [jvm.dll+0x357c4f]
V  [jvm.dll+0x2d7ad8]
V  [jvm.dll+0x2d8a44]
V  [jvm.dll+0x7a01e1]
V  [jvm.dll+0x365791]
V  [jvm.dll+0x77f6cc]
V  [jvm.dll+0x3e812f]
V  [jvm.dll+0x3e9bd1]
C  [jli.dll+0x527b]
C  [ucrtbase.dll+0x21bb2]
C  [KERNEL32.DLL+0x17034]
C  [ntdll.dll+0x52651]


---------------  P R O C E S S  ---------------

Threads class SMR info:
_java_thread_list=0x00007ff875077818, length=0, elements={
}

Java Threads: ( => current thread )

Other Threads:
  0x0000020fb6851f40 GCTaskThread "GC Thread#0" [stack: 0x000000d55c500000,0x000000d55c600000] [id=11060]
  0x0000020fb685f460 ConcurrentGCThread "G1 Main Marker" [stack: 0x000000d55c600000,0x000000d55c700000] [id=10816]
  0x0000020fb6860610 ConcurrentGCThread "G1 Conc#0" [stack: 0x000000d55c700000,0x000000d55c800000] [id=11204]

[error occurred during error reporting (printing all threads), id 0xc0000005, EXCEPTION_ACCESS_VIOLATION (0xc0000005) at pc=0x00007ff8748c84b7]

VM state: not at safepoint (not fully initialized)

VM Mutex/Monitor currently owned by a thread:  ([mutex/lock_event])
[0x0000020fb6815990] Heap_lock - owner thread: 0x0000020fb681af50

Heap address: 0x00000000a0e00000, size: 1522 MB, Compressed Oops mode: 32-bit

CDS archive(s) mapped at: [0x0000000000000000-0x0000000000000000-0x0000000000000000), size 0, SharedBaseAddress: 0x0000000800000000, ArchiveRelocationMode: 0.
Narrow klass base: 0x0000000000000000, Narrow klass shift: 0, Narrow klass range: 0x0

GC Precious Log:
<Empty>

Heap:
 garbage-first heap   total 0K, used 0K [0x00000000a0e00000, 0x0000000100000000)
  region size 1024K, 0 young (0K), 0 survivors (0K)

[error occurred during error reporting (printing heap information), id 0xc0000005, EXCEPTION_ACCESS_VIOLATION (0xc0000005) at pc=0x00007ff874ca8d89]

GC Heap History (0 events):
No events

Deoptimization events (0 events):
No events

Classes unloaded (0 events):
No events

Classes redefined (0 events):
No events

Internal exceptions (0 events):
No events

VM Operations (0 events):
No events

Events (1 events):
Event: 0.012 Loaded shared library C:\Program Files\Java\jdk-17.0.1\bin\java.dll


Dynamic libraries:
0x00007ff781220000 - 0x00007ff781230000 	C:\Program Files\Java\jdk-17.0.1\bin\javaw.exe
0x00007ff8a2b70000 - 0x00007ff8a2d65000 	C:\WINDOWS\SYSTEM32\ntdll.dll
0x00007ff8a0bd0000 - 0x00007ff8a0c8e000 	C:\WINDOWS\System32\KERNEL32.DLL
0x00007ff8a0490000 - 0x00007ff8a0758000 	C:\WINDOWS\System32\KERNELBASE.dll
0x00007ff8a0a60000 - 0x00007ff8a0b60000 	C:\WINDOWS\System32\ucrtbase.dll
0x00007ff895750000 - 0x00007ff895768000 	C:\Program Files\Java\jdk-17.0.1\bin\jli.dll
0x00007ff8a13d0000 - 0x00007ff8a147e000 	C:\WINDOWS\System32\ADVAPI32.dll
0x00007ff8a0d00000 - 0x00007ff8a0d9e000 	C:\WINDOWS\System32\msvcrt.dll
0x00007ff8a1130000 - 0x00007ff8a11cc000 	C:\WINDOWS\System32\sechost.dll
0x00007ff8a2970000 - 0x00007ff8a2a95000 	C:\WINDOWS\System32\RPCRT4.dll
0x00007ff8a1e50000 - 0x00007ff8a1ff0000 	C:\WINDOWS\System32\USER32.dll
0x00007ff8a08a0000 - 0x00007ff8a08c2000 	C:\WINDOWS\System32\win32u.dll
0x00007ff8a0f50000 - 0x00007ff8a0f7a000 	C:\WINDOWS\System32\GDI32.dll
0x00007ff898ba0000 - 0x00007ff898bba000 	C:\Program Files\Java\jdk-17.0.1\bin\VCRUNTIME140.dll
0x00007ff8a0290000 - 0x00007ff8a039b000 	C:\WINDOWS\System32\gdi32full.dll
0x00007ff8a03a0000 - 0x00007ff8a043d000 	C:\WINDOWS\System32\msvcp_win.dll
0x00007ff88aad0000 - 0x00007ff88ad6a000 	C:\WINDOWS\WinSxS\amd64_microsoft.windows.common-controls_6595b64144ccf1df_6.0.19041.1110_none_60b5254171f9507e\COMCTL32.dll
0x00007ff895720000 - 0x00007ff89572a000 	C:\WINDOWS\SYSTEM32\VERSION.dll
0x00007ff8a0da0000 - 0x00007ff8a0dd0000 	C:\WINDOWS\System32\IMM32.DLL
0x00007ff899d60000 - 0x00007ff899d6c000 	C:\Program Files\Java\jdk-17.0.1\bin\vcruntime140_1.dll
0x00007ff884ee0000 - 0x00007ff884f6d000 	C:\Program Files\Java\jdk-17.0.1\bin\msvcp140.dll
0x00007ff8745e0000 - 0x00007ff87519e000 	C:\Program Files\Java\jdk-17.0.1\bin\server\jvm.dll
0x00007ff8a0cf0000 - 0x00007ff8a0cf8000 	C:\WINDOWS\System32\PSAPI.DLL
0x00007ff88d290000 - 0x00007ff88d299000 	C:\WINDOWS\SYSTEM32\WSOCK32.dll
0x00007ff8a11d0000 - 0x00007ff8a123b000 	C:\WINDOWS\System32\WS2_32.dll
0x00007ff8915c0000 - 0x00007ff8915e7000 	C:\WINDOWS\SYSTEM32\WINMM.dll
0x00007ff89e0d0000 - 0x00007ff89e0e2000 	C:\WINDOWS\SYSTEM32\kernel.appcore.dll
0x00007ff89dbb0000 - 0x00007ff89dbba000 	C:\Program Files\Java\jdk-17.0.1\bin\jimage.dll
0x00007ff87f740000 - 0x00007ff87f924000 	C:\WINDOWS\SYSTEM32\DBGHELP.DLL
0x00007ff880ce0000 - 0x00007ff880d0c000 	C:\WINDOWS\SYSTEM32\dbgcore.DLL
0x00007ff8a0760000 - 0x00007ff8a07e2000 	C:\WINDOWS\System32\bcryptPrimitives.dll
0x00007ff89bdb0000 - 0x00007ff89bdd5000 	C:\Program Files\Java\jdk-17.0.1\bin\java.dll

dbghelp: loaded successfully - version: 4.0.5 - missing functions: none
symbol engine: initialized successfully - sym options: 0x614 - pdb path: .;C:\Program Files\Java\jdk-17.0.1\bin;C:\WINDOWS\SYSTEM32;C:\WINDOWS\WinSxS\amd64_microsoft.windows.common-controls_6595b64144ccf1df_6.0.19041.1110_none_60b5254171f9507e;C:\Program Files\Java\jdk-17.0.1\bin\server

VM Arguments:
jvm_args: -Dfile.encoding=Cp1252 -XX:+ShowCodeDetailsInExceptionMessages 
java_command: gestiónCDs.Main
java_class_path (initial): C:\Users\HP\git\Tarea\gestiónCDs\bin
Launcher Type: SUN_STANDARD

[Global flags]
     intx CICompilerCount                          = 3                                         {product} {ergonomic}
     uint ConcGCThreads                            = 1                                         {product} {ergonomic}
     uint G1ConcRefinementThreads                  = 4                                         {product} {ergonomic}
   size_t G1HeapRegionSize                         = 1048576                                   {product} {ergonomic}
    uintx GCDrainStackTargetSize                   = 64                                        {product} {ergonomic}
   size_t InitialHeapSize                          = 100663296                                 {product} {ergonomic}
   size_t MarkStackSize                            = 4194304                                   {product} {ergonomic}
   size_t MaxHeapSize                              = 1595932672                                {product} {ergonomic}
   size_t MinHeapDeltaBytes                        = 1048576                                   {product} {ergonomic}
   size_t MinHeapSize                              = 8388608                                   {product} {ergonomic}
    uintx NonNMethodCodeHeapSize                   = 5832780                                {pd product} {ergonomic}
    uintx NonProfiledCodeHeapSize                  = 122912730                              {pd product} {ergonomic}
    uintx ProfiledCodeHeapSize                     = 122912730                              {pd product} {ergonomic}
    uintx ReservedCodeCacheSize                    = 251658240                              {pd product} {ergonomic}
     bool SegmentedCodeCache                       = true                                      {product} {ergonomic}
     bool ShowCodeDetailsInExceptionMessages       = true                                   {manageable} {command line}
   size_t SoftMaxHeapSize                          = 1595932672                             {manageable} {ergonomic}
     bool UseCompressedClassPointers               = true                           {product lp64_product} {ergonomic}
     bool UseCompressedOops                        = true                           {product lp64_product} {ergonomic}
     bool UseG1GC                                  = true                                      {product} {ergonomic}
     bool UseLargePagesIndividualAllocation        = false                                  {pd product} {ergonomic}

Logging:
Log output configuration:
 #0: stdout all=warning uptime,level,tags
 #1: stderr all=off uptime,level,tags

Environment Variables:
PATH=C:/Program Files/Java/jdk-17.0.1/bin/server;C:/Program Files/Java/jdk-17.0.1/bin;C:\app\HP\product\21c\dbhomeXE\bin;C:\Program Files\Common Files\Oracle\Java\javapath;C:\Windows\system32;C:\Windows;C:\Windows\System32\Wbem;C:\Windows\System32\WindowsPowerShell\v1.0\;C:\Program Files (x86)\NVIDIA Corporation\PhysX\Common;C:\Program Files\NVIDIA Corporation\NVIDIA NvDLISR;C:\WINDOWS\system32;C:\WINDOWS;C:\WINDOWS\System32\Wbem;C:\WINDOWS\System32\WindowsPowerShell\v1.0\;C:\WINDOWS\System32\OpenSSH\;C:\Program Files (x86)\Brackets\command;C:\Program Files (x86)\BaseX\bin;C:\Users\HP\AppData\Local\Microsoft\WindowsApps;;C:\Users\HP\AppData\Local\Programs\Microsoft VS Code\bin;C:\Users\HP\Desktop;
USERNAME=HP
OS=Windows_NT
PROCESSOR_IDENTIFIER=Intel64 Family 6 Model 69 Stepping 1, GenuineIntel



---------------  S Y S T E M  ---------------

OS:
 Windows 10 , 64 bit Build 19041 (10.0.19041.1645)
OS uptime: 0 days 1:51 hours

CPU: total 4 (initial active 4) (2 cores per cpu, 2 threads per core) family 6 model 69 stepping 1 microcode 0x25, cx8, cmov, fxsr, ht, mmx, sse, sse2, sse3, ssse3, sse4.1, sse4.2, popcnt, lzcnt, tsc, tscinvbit, avx, avx2, aes, erms, clmul, bmi1, bmi2, fma, vzeroupper, clflush

Memory: 4k page, system-wide physical 6080M (1076M free)
TotalPageFile size 7736M (AvailPageFile size 79M)
current process WorkingSet (physical memory assigned to process): 10M, peak: 10M
current process commit charge ("private bytes"): 51M, peak: 147M

vm_info: Java HotSpot(TM) 64-Bit Server VM (17.0.1+12-LTS-39) for windows-amd64 JRE (17.0.1+12-LTS-39), built on Sep 27 2021 18:41:35 by "mach5one" with MS VC++ 16.8 (VS2019)

END.
