#
# There is insufficient memory for the Java Runtime Environment to continue.
# Native memory allocation (malloc) failed to allocate 32744 bytes for ChunkPool::allocate
# Possible reasons:
#   The system is out of physical RAM or swap space
#   The process is running with CompressedOops enabled, and the Java Heap may be blocking the growth of the native heap
# Possible solutions:
#   Reduce memory load on the system
#   Increase physical memory or swap space
#   Check if swap backing store is full
#   Decrease Java heap size (-Xmx/-Xms)
#   Decrease number of Java threads
#   Decrease Java thread stack sizes (-Xss)
#   Set larger code cache with -XX:ReservedCodeCacheSize=
#   JVM is running with Unscaled Compressed Oops mode in which the Java heap is
#     placed in the first 4GB address space. The Java Heap base address is the
#     maximum limit for the native heap growth. Please use -XX:HeapBaseMinAddress
#     to set the Java Heap base and to place the Java Heap above 4GB virtual address.
# This output file may be truncated or incomplete.
#
#  Out of Memory Error (arena.cpp:78), pid=12292, tid=12960
#
# JRE version: Java(TM) SE Runtime Environment (17.0.1+12) (build 17.0.1+12-LTS-39)
# Java VM: Java HotSpot(TM) 64-Bit Server VM (17.0.1+12-LTS-39, mixed mode, sharing, tiered, compressed oops, compressed class ptrs, g1 gc, windows-amd64)
# No core dump will be written. Minidumps are not enabled by default on client versions of Windows
#

---------------  S U M M A R Y ------------

Command Line: -XX:+ShowCodeDetailsInExceptionMessages -agentlib:jdwp=transport=dt_socket,suspend=y,address=localhost:50142 -javaagent:C:\Users\HP\eclipse\java-2021-09\eclipse\configuration\org.eclipse.osgi\222\0\.cp\lib\javaagent-shaded.jar -Dfile.encoding=Cp1252 gestiónCDs.Main

Host: Intel(R) Core(TM) i5-4210U CPU @ 1.70GHz, 4 cores, 5G,  Windows 10 , 64 bit Build 19041 (10.0.19041.1645)
Time: Thu May  5 14:02:20 2022 Paris, Madrid (heure duild 19041 (10.0.19041.1645) elapsed time: 1.387990 seconds (0d 0h 0m 1s)

---------------  T H R E A D  ---------------

Current thread (0x000001eed93c9c40):  JavaThread "C2 CompilerThread0" daemon [_thread_in_native, id=12960, stack(0x0000007beb300000,0x0000007beb400000)]


Current CompileTask:
C2:   1388  332       4       java.lang.invoke.VarHandleGuards::guard_LI_I (78 bytes)

Stack: [0x0000007beb300000,0x0000007beb400000]
Native frames: (J=compiled Java code, j=interpreted, Vv=VM code, C=native code)
V  [jvm.dll+0x66fa1a]
V  [jvm.dll+0x7ce5a4]
V  [jvm.dll+0x7cfd4e]
V  [jvm.dll+0x7d03b3]
V  [jvm.dll+0x242b05]
V  [jvm.dll+0xaa2a0]
V  [jvm.dll+0xaa5ec]
V  [jvm.dll+0x6933d3]
V  [jvm.dll+0x214822]
V  [jvm.dll+0x1a168d]
V  [jvm.dll+0x224848]
V  [jvm.dll+0x2229ac]
V  [jvm.dll+0x78435b]
V  [jvm.dll+0x77e91a]
V  [jvm.dll+0x66e845]
C  [ucrtbase.dll+0x21bb2]
C  [KERNEL32.DLL+0x17034]
C  [ntdll.dll+0x52651]


---------------  P R O C E S S  ---------------

Threads class SMR info:
_java_thread_list=0x000001eeda0bf380, length=14, elements={
0x000001eebceacfb0, 0x000001eebcf7dc10, 0x000001eebcf7f630, 0x000001eed93c7560,
0x000001eed93c7e20, 0x000001eed93c86e0, 0x000001eed93c8fa0, 0x000001eed93c9c40,
0x000001eed94320b0, 0x000001eed943a0f0, 0x000001eebcf684e0, 0x000001eeda11eec0,
0x000001eeda1acaa0, 0x000001eeda1af2a0
}
_to_delete_list=0x000001eeda0bf350, length=13, elements={
0x000001eebceacfb0, 0x000001eebcf7dc10, 0x000001eebcf7f630, 0x000001eed93c7560,
0x000001eed93c7e20, 0x000001eed93c86e0, 0x000001eed93c8fa0, 0x000001eed93c9c40,
0x000001eed94320b0, 0x000001eed943a0f0, 0x000001eebcf684e0, 0x000001eeda11eec0,
0x000001eeda1acaa0
}

Java Threads: ( => current thread )
  0x000001eebceacfb0 JavaThread "main" [_thread_in_vm, id=7200, stack(0x0000007bea600000,0x0000007bea700000)]
  0x000001eebcf7dc10 JavaThread "Reference Handler" daemon [_thread_blocked, id=13028, stack(0x0000007bead00000,0x0000007beae00000)]
  0x000001eebcf7f630 JavaThread "Finalizer" daemon [_thread_blocked, id=13056, stack(0x0000007beae00000,0x0000007beaf00000)]
  0x000001eed93c7560 JavaThread "Signal Dispatcher" daemon [_thread_blocked, id=10652, stack(0x0000007beaf00000,0x0000007beb000000)]
  0x000001eed93c7e20 JavaThread "Attach Listener" daemon [_thread_blocked, id=10700, stack(0x0000007beb000000,0x0000007beb100000)]
  0x000001eed93c86e0 JavaThread "Service Thread" daemon [_thread_blocked, id=11104, stack(0x0000007beb100000,0x0000007beb200000)]
  0x000001eed93c8fa0 JavaThread "Monitor Deflation Thread" daemon [_thread_blocked, id=3572, stack(0x0000007beb200000,0x0000007beb300000)]
=>0x000001eed93c9c40 JavaThread "C2 CompilerThread0" daemon [_thread_in_native, id=12960, stack(0x0000007beb300000,0x0000007beb400000)]
  0x000001eed94320b0 JavaThread "C1 CompilerThread0" daemon [_thread_blocked, id=12700, stack(0x0000007beb400000,0x0000007beb500000)]
  0x000001eed943a0f0 JavaThread "Sweeper thread" daemon [_thread_blocked, id=1344, stack(0x0000007beb500000,0x0000007beb600000)]
  0x000001eebcf684e0 JavaThread "Common-Cleaner" daemon [_thread_blocked, id=12816, stack(0x0000007beb600000,0x0000007beb700000)]
  0x000001eeda11eec0 JavaThread "JDWP Transport Listener: dt_socket" daemon [_thread_blocked, id=11996, stack(0x0000007beb700000,0x0000007beb800000)]
  0x000001eeda1acaa0 JavaThread "JDWP Event Helper Thread" daemon [_thread_blocked, id=12512, stack(0x0000007beb800000,0x0000007beb900000)]
  0x000001eeda1af2a0 JavaThread "JDWP Command Reader" daemon [_thread_in_native, id=11252, stack(0x0000007beb900000,0x0000007beba00000)]

Other Threads:
  0x000001eebcf780a0 VMThread "VM Thread" [stack: 0x0000007beac00000,0x0000007bead00000] [id=11016]
  0x000001eebcee3aa0 GCTaskThread "GC Thread#0" [stack: 0x0000007bea700000,0x0000007bea800000] [id=1332]
  0x000001eebcef0730 ConcurrentGCThread "G1 Main Marker" [stack: 0x0000007bea800000,0x0000007bea900000] [id=10524]
  0x000001eebcef1930 ConcurrentGCThread "G1 Conc#0" [stack: 0x0000007bea900000,0x0000007beaa00000] [id=10912]
  0x000001eebcf54e10 ConcurrentGCThread "G1 Refine#0" [stack: 0x0000007beaa00000,0x0000007beab00000] [id=8152]
  0x000001eebcf57030 ConcurrentGCThread "G1 Service" [stack: 0x0000007beab00000,0x0000007beac00000] [id=12608]

Threads with active compile tasks:
C2 CompilerThread0     1461  332       4       java.lang.invoke.VarHandleGuards::guard_LI_I (78 bytes)

VM state: not at safepoint (normal execution)

VM Mutex/Monitor currently owned by a thread:  ([mutex/lock_event])
[0x000001eebcea80c0] Metaspace_lock - owner thread: 0x000001eebceacfb0

Heap address: 0x00000000a0e00000, size: 1522 MB, Compressed Oops mode: 32-bit

CDS archive(s) mapped at: [0x0000000800000000-0x0000000800bc0000-0x0000000800bc0000), size 12320768, SharedBaseAddress: 0x0000000800000000, ArchiveRelocationMode: 0.
Compressed class space mapped at: 0x0000000800c00000-0x0000000840c00000, reserved size: 1073741824
Narrow klass base: 0x0000000800000000, Narrow klass shift: 0, Narrow klass range: 0x100000000

GC Precious Log:
 CPUs: 4 total, 4 available
 Memory: 6080M
 Large Page Support: Disabled
 NUMA Support: Disabled
 Compressed Oops: Enabled (32-bit)
 Heap Region Size: 1M
 Heap Min Capacity: 8M
 Heap Initial Capacity: 96M
 Heap Max Capacity: 1522M
 Pre-touch: Disabled
 Parallel Workers: 4
 Concurrent Workers: 1
 Concurrent Refinement Workers: 4
 Periodic GC: Disabled

Heap:
 garbage-first heap   total 98304K, used 3072K [0x00000000a0e00000, 0x0000000100000000)
  region size 1024K, 4 young (4096K), 0 survivors (0K)
 Metaspace       used 2287K, committed 2432K, reserved 1056768K
  class space    used 210K, committed 320K, reserved 1048576K

Heap Regions: E=young(eden), S=young(survivor), O=old, HS=humongous(starts), HC=humongous(continues), CS=collection set, F=free, OA=open archive, CA=closed archive, TAMS=top-at-mark-start (previous, next)
|   0|0x00000000a0e00000, 0x00000000a0e00000, 0x00000000a0f00000|  0%| F|  |TAMS 0x00000000a0e00000, 0x00000000a0e00000| Untracked 
|   1|0x00000000a0f00000, 0x00000000a0f00000, 0x00000000a1000000|  0%| F|  |TAMS 0x00000000a0f00000, 0x00000000a0f00000| Untracked 
|   2|0x00000000a1000000, 0x00000000a1000000, 0x00000000a1100000|  0%| F|  |TAMS 0x00000000a1000000, 0x00000000a1000000| Untracked 
|   3|0x00000000a1100000, 0x00000000a1100000, 0x00000000a1200000|  0%| F|  |TAMS 0x00000000a1100000, 0x00000000a1100000| Untracked 
|   4|0x00000000a1200000, 0x00000000a1200000, 0x00000000a1300000|  0%| F|  |TAMS 0x00000000a1200000, 0x00000000a1200000| Untracked 
|   5|0x00000000a1300000, 0x00000000a1300000, 0x00000000a1400000|  0%| F|  |TAMS 0x00000000a1300000, 0x00000000a1300000| Untracked 
|   6|0x00000000a1400000, 0x00000000a1400000, 0x00000000a1500000|  0%| F|  |TAMS 0x00000000a1400000, 0x00000000a1400000| Untracked 
|   7|0x00000000a1500000, 0x00000000a1500000, 0x00000000a1600000|  0%| F|  |TAMS 0x00000000a1500000, 0x00000000a1500000| Untracked 
|   8|0x00000000a1600000, 0x00000000a1600000, 0x00000000a1700000|  0%| F|  |TAMS 0x00000000a1600000, 0x00000000a1600000| Untracked 
|   9|0x00000000a1700000, 0x00000000a1700000, 0x00000000a1800000|  0%| F|  |TAMS 0x00000000a1700000, 0x00000000a1700000| Untracked 
|  10|0x00000000a1800000, 0x00000000a1800000, 0x00000000a1900000|  0%| F|  |TAMS 0x00000000a1800000, 0x00000000a1800000| Untracked 
|  11|0x00000000a1900000, 0x00000000a1900000, 0x00000000a1a00000|  0%| F|  |TAMS 0x00000000a1900000, 0x00000000a1900000| Untracked 
|  12|0x00000000a1a00000, 0x00000000a1a00000, 0x00000000a1b00000|  0%| F|  |TAMS 0x00000000a1a00000, 0x00000000a1a00000| Untracked 
|  13|0x00000000a1b00000, 0x00000000a1b00000, 0x00000000a1c00000|  0%| F|  |TAMS 0x00000000a1b00000, 0x00000000a1b00000| Untracked 
|  14|0x00000000a1c00000, 0x00000000a1c00000, 0x00000000a1d00000|  0%| F|  |TAMS 0x00000000a1c00000, 0x00000000a1c00000| Untracked 
|  15|0x00000000a1d00000, 0x00000000a1d00000, 0x00000000a1e00000|  0%| F|  |TAMS 0x00000000a1d00000, 0x00000000a1d00000| Untracked 
|  16|0x00000000a1e00000, 0x00000000a1e00000, 0x00000000a1f00000|  0%| F|  |TAMS 0x00000000a1e00000, 0x00000000a1e00000| Untracked 
|  17|0x00000000a1f00000, 0x00000000a1f00000, 0x00000000a2000000|  0%| F|  |TAMS 0x00000000a1f00000, 0x00000000a1f00000| Untracked 
|  18|0x00000000a2000000, 0x00000000a2000000, 0x00000000a2100000|  0%| F|  |TAMS 0x00000000a2000000, 0x00000000a2000000| Untracked 
|  19|0x00000000a2100000, 0x00000000a2100000, 0x00000000a2200000|  0%| F|  |TAMS 0x00000000a2100000, 0x00000000a2100000| Untracked 
|  20|0x00000000a2200000, 0x00000000a2200000, 0x00000000a2300000|  0%| F|  |TAMS 0x00000000a2200000, 0x00000000a2200000| Untracked 
|  21|0x00000000a2300000, 0x00000000a2300000, 0x00000000a2400000|  0%| F|  |TAMS 0x00000000a2300000, 0x00000000a2300000| Untracked 
|  22|0x00000000a2400000, 0x00000000a2400000, 0x00000000a2500000|  0%| F|  |TAMS 0x00000000a2400000, 0x00000000a2400000| Untracked 
|  23|0x00000000a2500000, 0x00000000a2500000, 0x00000000a2600000|  0%| F|  |TAMS 0x00000000a2500000, 0x00000000a2500000| Untracked 
|  24|0x00000000a2600000, 0x00000000a2600000, 0x00000000a2700000|  0%| F|  |TAMS 0x00000000a2600000, 0x00000000a2600000| Untracked 
|  25|0x00000000a2700000, 0x00000000a2700000, 0x00000000a2800000|  0%| F|  |TAMS 0x00000000a2700000, 0x00000000a2700000| Untracked 
|  26|0x00000000a2800000, 0x00000000a2800000, 0x00000000a2900000|  0%| F|  |TAMS 0x00000000a2800000, 0x00000000a2800000| Untracked 
|  27|0x00000000a2900000, 0x00000000a2900000, 0x00000000a2a00000|  0%| F|  |TAMS 0x00000000a2900000, 0x00000000a2900000| Untracked 
|  28|0x00000000a2a00000, 0x00000000a2a00000, 0x00000000a2b00000|  0%| F|  |TAMS 0x00000000a2a00000, 0x00000000a2a00000| Untracked 
|  29|0x00000000a2b00000, 0x00000000a2b00000, 0x00000000a2c00000|  0%| F|  |TAMS 0x00000000a2b00000, 0x00000000a2b00000| Untracked 
|  30|0x00000000a2c00000, 0x00000000a2c00000, 0x00000000a2d00000|  0%| F|  |TAMS 0x00000000a2c00000, 0x00000000a2c00000| Untracked 
|  31|0x00000000a2d00000, 0x00000000a2d00000, 0x00000000a2e00000|  0%| F|  |TAMS 0x00000000a2d00000, 0x00000000a2d00000| Untracked 
|  32|0x00000000a2e00000, 0x00000000a2e00000, 0x00000000a2f00000|  0%| F|  |TAMS 0x00000000a2e00000, 0x00000000a2e00000| Untracked 
|  33|0x00000000a2f00000, 0x00000000a2f00000, 0x00000000a3000000|  0%| F|  |TAMS 0x00000000a2f00000, 0x00000000a2f00000| Untracked 
|  34|0x00000000a3000000, 0x00000000a3000000, 0x00000000a3100000|  0%| F|  |TAMS 0x00000000a3000000, 0x00000000a3000000| Untracked 
|  35|0x00000000a3100000, 0x00000000a3100000, 0x00000000a3200000|  0%| F|  |TAMS 0x00000000a3100000, 0x00000000a3100000| Untracked 
|  36|0x00000000a3200000, 0x00000000a3200000, 0x00000000a3300000|  0%| F|  |TAMS 0x00000000a3200000, 0x00000000a3200000| Untracked 
|  37|0x00000000a3300000, 0x00000000a3300000, 0x00000000a3400000|  0%| F|  |TAMS 0x00000000a3300000, 0x00000000a3300000| Untracked 
|  38|0x00000000a3400000, 0x00000000a3400000, 0x00000000a3500000|  0%| F|  |TAMS 0x00000000a3400000, 0x00000000a3400000| Untracked 
|  39|0x00000000a3500000, 0x00000000a3500000, 0x00000000a3600000|  0%| F|  |TAMS 0x00000000a3500000, 0x00000000a3500000| Untracked 
|  40|0x00000000a3600000, 0x00000000a3600000, 0x00000000a3700000|  0%| F|  |TAMS 0x00000000a3600000, 0x00000000a3600000| Untracked 
|  41|0x00000000a3700000, 0x00000000a3700000, 0x00000000a3800000|  0%| F|  |TAMS 0x00000000a3700000, 0x00000000a3700000| Untracked 
|  42|0x00000000a3800000, 0x00000000a3800000, 0x00000000a3900000|  0%| F|  |TAMS 0x00000000a3800000, 0x00000000a3800000| Untracked 
|  43|0x00000000a3900000, 0x00000000a3900000, 0x00000000a3a00000|  0%| F|  |TAMS 0x00000000a3900000, 0x00000000a3900000| Untracked 
|  44|0x00000000a3a00000, 0x00000000a3a00000, 0x00000000a3b00000|  0%| F|  |TAMS 0x00000000a3a00000, 0x00000000a3a00000| Untracked 
|  45|0x00000000a3b00000, 0x00000000a3b00000, 0x00000000a3c00000|  0%| F|  |TAMS 0x00000000a3b00000, 0x00000000a3b00000| Untracked 
|  46|0x00000000a3c00000, 0x00000000a3c00000, 0x00000000a3d00000|  0%| F|  |TAMS 0x00000000a3c00000, 0x00000000a3c00000| Untracked 
|  47|0x00000000a3d00000, 0x00000000a3d00000, 0x00000000a3e00000|  0%| F|  |TAMS 0x00000000a3d00000, 0x00000000a3d00000| Untracked 
|  48|0x00000000a3e00000, 0x00000000a3e00000, 0x00000000a3f00000|  0%| F|  |TAMS 0x00000000a3e00000, 0x00000000a3e00000| Untracked 
|  49|0x00000000a3f00000, 0x00000000a3f00000, 0x00000000a4000000|  0%| F|  |TAMS 0x00000000a3f00000, 0x00000000a3f00000| Untracked 
|  50|0x00000000a4000000, 0x00000000a4000000, 0x00000000a4100000|  0%| F|  |TAMS 0x00000000a4000000, 0x00000000a4000000| Untracked 
|  51|0x00000000a4100000, 0x00000000a4100000, 0x00000000a4200000|  0%| F|  |TAMS 0x00000000a4100000, 0x00000000a4100000| Untracked 
|  52|0x00000000a4200000, 0x00000000a4200000, 0x00000000a4300000|  0%| F|  |TAMS 0x00000000a4200000, 0x00000000a4200000| Untracked 
|  53|0x00000000a4300000, 0x00000000a4300000, 0x00000000a4400000|  0%| F|  |TAMS 0x00000000a4300000, 0x00000000a4300000| Untracked 
|  54|0x00000000a4400000, 0x00000000a4400000, 0x00000000a4500000|  0%| F|  |TAMS 0x00000000a4400000, 0x00000000a4400000| Untracked 
|  55|0x00000000a4500000, 0x00000000a4500000, 0x00000000a4600000|  0%| F|  |TAMS 0x00000000a4500000, 0x00000000a4500000| Untracked 
|  56|0x00000000a4600000, 0x00000000a4600000, 0x00000000a4700000|  0%| F|  |TAMS 0x00000000a4600000, 0x00000000a4600000| Untracked 
|  57|0x00000000a4700000, 0x00000000a4700000, 0x00000000a4800000|  0%| F|  |TAMS 0x00000000a4700000, 0x00000000a4700000| Untracked 
|  58|0x00000000a4800000, 0x00000000a4800000, 0x00000000a4900000|  0%| F|  |TAMS 0x00000000a4800000, 0x00000000a4800000| Untracked 
|  59|0x00000000a4900000, 0x00000000a4900000, 0x00000000a4a00000|  0%| F|  |TAMS 0x00000000a4900000, 0x00000000a4900000| Untracked 
|  60|0x00000000a4a00000, 0x00000000a4a00000, 0x00000000a4b00000|  0%| F|  |TAMS 0x00000000a4a00000, 0x00000000a4a00000| Untracked 
|  61|0x00000000a4b00000, 0x00000000a4b00000, 0x00000000a4c00000|  0%| F|  |TAMS 0x00000000a4b00000, 0x00000000a4b00000| Untracked 
|  62|0x00000000a4c00000, 0x00000000a4c00000, 0x00000000a4d00000|  0%| F|  |TAMS 0x00000000a4c00000, 0x00000000a4c00000| Untracked 
|  63|0x00000000a4d00000, 0x00000000a4d00000, 0x00000000a4e00000|  0%| F|  |TAMS 0x00000000a4d00000, 0x00000000a4d00000| Untracked 
|  64|0x00000000a4e00000, 0x00000000a4e00000, 0x00000000a4f00000|  0%| F|  |TAMS 0x00000000a4e00000, 0x00000000a4e00000| Untracked 
|  65|0x00000000a4f00000, 0x00000000a4f00000, 0x00000000a5000000|  0%| F|  |TAMS 0x00000000a4f00000, 0x00000000a4f00000| Untracked 
|  66|0x00000000a5000000, 0x00000000a5000000, 0x00000000a5100000|  0%| F|  |TAMS 0x00000000a5000000, 0x00000000a5000000| Untracked 
|  67|0x00000000a5100000, 0x00000000a5100000, 0x00000000a5200000|  0%| F|  |TAMS 0x00000000a5100000, 0x00000000a5100000| Untracked 
|  68|0x00000000a5200000, 0x00000000a5200000, 0x00000000a5300000|  0%| F|  |TAMS 0x00000000a5200000, 0x00000000a5200000| Untracked 
|  69|0x00000000a5300000, 0x00000000a5300000, 0x00000000a5400000|  0%| F|  |TAMS 0x00000000a5300000, 0x00000000a5300000| Untracked 
|  70|0x00000000a5400000, 0x00000000a5400000, 0x00000000a5500000|  0%| F|  |TAMS 0x00000000a5400000, 0x00000000a5400000| Untracked 
|  71|0x00000000a5500000, 0x00000000a5500000, 0x00000000a5600000|  0%| F|  |TAMS 0x00000000a5500000, 0x00000000a5500000| Untracked 
|  72|0x00000000a5600000, 0x00000000a5600000, 0x00000000a5700000|  0%| F|  |TAMS 0x00000000a5600000, 0x00000000a5600000| Untracked 
|  73|0x00000000a5700000, 0x00000000a5700000, 0x00000000a5800000|  0%| F|  |TAMS 0x00000000a5700000, 0x00000000a5700000| Untracked 
|  74|0x00000000a5800000, 0x00000000a5800000, 0x00000000a5900000|  0%| F|  |TAMS 0x00000000a5800000, 0x00000000a5800000| Untracked 
|  75|0x00000000a5900000, 0x00000000a5900000, 0x00000000a5a00000|  0%| F|  |TAMS 0x00000000a5900000, 0x00000000a5900000| Untracked 
|  76|0x00000000a5a00000, 0x00000000a5a00000, 0x00000000a5b00000|  0%| F|  |TAMS 0x00000000a5a00000, 0x00000000a5a00000| Untracked 
|  77|0x00000000a5b00000, 0x00000000a5b00000, 0x00000000a5c00000|  0%| F|  |TAMS 0x00000000a5b00000, 0x00000000a5b00000| Untracked 
|  78|0x00000000a5c00000, 0x00000000a5c00000, 0x00000000a5d00000|  0%| F|  |TAMS 0x00000000a5c00000, 0x00000000a5c00000| Untracked 
|  79|0x00000000a5d00000, 0x00000000a5d00000, 0x00000000a5e00000|  0%| F|  |TAMS 0x00000000a5d00000, 0x00000000a5d00000| Untracked 
|  80|0x00000000a5e00000, 0x00000000a5e00000, 0x00000000a5f00000|  0%| F|  |TAMS 0x00000000a5e00000, 0x00000000a5e00000| Untracked 
|  81|0x00000000a5f00000, 0x00000000a5f00000, 0x00000000a6000000|  0%| F|  |TAMS 0x00000000a5f00000, 0x00000000a5f00000| Untracked 
|  82|0x00000000a6000000, 0x00000000a6000000, 0x00000000a6100000|  0%| F|  |TAMS 0x00000000a6000000, 0x00000000a6000000| Untracked 
|  83|0x00000000a6100000, 0x00000000a6100000, 0x00000000a6200000|  0%| F|  |TAMS 0x00000000a6100000, 0x00000000a6100000| Untracked 
|  84|0x00000000a6200000, 0x00000000a6200000, 0x00000000a6300000|  0%| F|  |TAMS 0x00000000a6200000, 0x00000000a6200000| Untracked 
|  85|0x00000000a6300000, 0x00000000a6300000, 0x00000000a6400000|  0%| F|  |TAMS 0x00000000a6300000, 0x00000000a6300000| Untracked 
|  86|0x00000000a6400000, 0x00000000a6400000, 0x00000000a6500000|  0%| F|  |TAMS 0x00000000a6400000, 0x00000000a6400000| Untracked 
|  87|0x00000000a6500000, 0x00000000a6500000, 0x00000000a6600000|  0%| F|  |TAMS 0x00000000a6500000, 0x00000000a6500000| Untracked 
|  88|0x00000000a6600000, 0x00000000a6600000, 0x00000000a6700000|  0%| F|  |TAMS 0x00000000a6600000, 0x00000000a6600000| Untracked 
|  89|0x00000000a6700000, 0x00000000a6700000, 0x00000000a6800000|  0%| F|  |TAMS 0x00000000a6700000, 0x00000000a6700000| Untracked 
|  90|0x00000000a6800000, 0x00000000a6800000, 0x00000000a6900000|  0%| F|  |TAMS 0x00000000a6800000, 0x00000000a6800000| Untracked 
|  91|0x00000000a6900000, 0x00000000a6900000, 0x00000000a6a00000|  0%| F|  |TAMS 0x00000000a6900000, 0x00000000a6900000| Untracked 
|  92|0x00000000a6a00000, 0x00000000a6ae6c70, 0x00000000a6b00000| 90%| E|  |TAMS 0x00000000a6a00000, 0x00000000a6a00000| Complete 
|  93|0x00000000a6b00000, 0x00000000a6c00000, 0x00000000a6c00000|100%| E|CS|TAMS 0x00000000a6b00000, 0x00000000a6b00000| Complete 
|  94|0x00000000a6c00000, 0x00000000a6d00000, 0x00000000a6d00000|100%| E|CS|TAMS 0x00000000a6c00000, 0x00000000a6c00000| Complete 
|  95|0x00000000a6d00000, 0x00000000a6e00000, 0x00000000a6e00000|100%| E|CS|TAMS 0x00000000a6d00000, 0x00000000a6d00000| Complete 

Card table byte_map: [0x000001eed39c0000,0x000001eed3cc0000] _byte_map_base: 0x000001eed34b9000

Marking Bits (Prev, Next): (CMBitMap*) 0x000001eebcee3fc0, (CMBitMap*) 0x000001eebcee4000
 Prev Bits: [0x000001eed3fc0000, 0x000001eed5788000)
 Next Bits: [0x000001eed5790000, 0x000001eed6f58000)

Polling page: 0x000001eebae00000

Metaspace:

Usage:
  Non-class:      2.03 MB used.
      Class:    210.81 KB used.
       Both:      2.23 MB used.

Virtual space:
  Non-class space:        8.00 MB reserved,       2.06 MB ( 26%) committed,  1 nodes.
      Class space:        1.00 GB reserved,     320.00 KB ( <1%) committed,  1 nodes.
             Both:        1.01 GB reserved,       2.38 MB ( <1%) committed. 

Chunk freelists:
   Non-Class:  3.97 MB
       Class:  3.74 MB
        Both:  7.71 MB

MaxMetaspaceSize: unlimited
CompressedClassSpaceSize: 1.00 GB
Initial GC threshold: 21.00 MB
Current GC threshold: 21.00 MB
CDS: on
MetaspaceReclaimPolicy: balanced
 - commit_granule_bytes: 65536.
 - commit_granule_words: 8192.
 - virtual_space_node_default_size: 1048576.
 - enlarge_chunks_in_place: 1.
 - new_chunks_are_fully_committed: 0.
 - uncommit_free_chunks: 1.
 - use_allocation_guard: 0.
 - handle_deallocations: 1.


Internal statistics:

num_allocs_failed_limit: 0.
num_arena_births: 6.
num_arena_deaths: 0.
num_vsnodes_births: 2.
num_vsnodes_deaths: 0.
num_space_committed: 38.
num_space_uncommitted: 0.
num_chunks_returned_to_freelist: 0.
num_chunks_taken_from_freelist: 11.
num_chunk_merges: 0.
num_chunk_splits: 5.
num_chunks_enlarged: 3.
num_purges: 0.
num_inconsistent_stats: 0.

CodeHeap 'non-profiled nmethods': size=120000Kb used=97Kb max_used=97Kb free=119902Kb
 bounds [0x000001eecc190000, 0x000001eecc400000, 0x000001eed36c0000]
CodeHeap 'profiled nmethods': size=120000Kb used=522Kb max_used=522Kb free=119477Kb
 bounds [0x000001eec4c60000, 0x000001eec4ed0000, 0x000001eecc190000]
CodeHeap 'non-nmethods': size=5760Kb used=1193Kb max_used=1207Kb free=4566Kb
 bounds [0x000001eec46c0000, 0x000001eec4930000, 0x000001eec4c60000]
 total_blobs=739 nmethods=331 adapters=321
 compilation: enabled
              stopped_count=0, restarted_count=0
 full_count=0

Compilation events (20 events):
Event: 1.367 Thread 0x000001eed94320b0  320  s    3       java.util.Properties::put (10 bytes)
Event: 1.368 Thread 0x000001eed94320b0 nmethod 320 0x000001eec4cd5e10 code [0x000001eec4cd5fc0, 0x000001eec4cd6268]
Event: 1.368 Thread 0x000001eed94320b0  321       3       java.security.Provider$ServiceKey::<init> (39 bytes)
Event: 1.369 Thread 0x000001eed94320b0 nmethod 321 0x000001eec4cd6390 code [0x000001eec4cd6580, 0x000001eec4cd6aa8]
Event: 1.369 Thread 0x000001eed94320b0  324       3       java.lang.System::getSecurityManager (12 bytes)
Event: 1.369 Thread 0x000001eed94320b0 nmethod 324 0x000001eec4cd6c90 code [0x000001eec4cd6e20, 0x000001eec4cd6f98]
Event: 1.369 Thread 0x000001eed94320b0  323       3       java.security.Provider$ServiceKey::hashCode (19 bytes)
Event: 1.369 Thread 0x000001eed94320b0 nmethod 323 0x000001eec4cd7090 code [0x000001eec4cd7240, 0x000001eec4cd73d8]
Event: 1.369 Thread 0x000001eed94320b0  322       3       java.util.concurrent.ConcurrentHashMap$Node::<init> (14 bytes)
Event: 1.369 Thread 0x000001eed94320b0 nmethod 322 0x000001eec4cd7510 code [0x000001eec4cd76c0, 0x000001eec4cd79b8]
Event: 1.369 Thread 0x000001eed94320b0  325       3       java.lang.System::allowSecurityManager (13 bytes)
Event: 1.370 Thread 0x000001eed94320b0 nmethod 325 0x000001eec4cd7a90 code [0x000001eec4cd7c20, 0x000001eec4cd7d38]
Event: 1.370 Thread 0x000001eed94320b0  326       1       java.security.Provider$UString::toString (5 bytes)
Event: 1.370 Thread 0x000001eed94320b0 nmethod 326 0x000001eecc1a7c90 code [0x000001eecc1a7e20, 0x000001eecc1a7ef8]
Event: 1.370 Thread 0x000001eed94320b0  327       1       java.security.Provider$Service::getProvider (5 bytes)
Event: 1.370 Thread 0x000001eed94320b0 nmethod 327 0x000001eecc1a7f90 code [0x000001eecc1a8120, 0x000001eecc1a81f8]
Event: 1.370 Thread 0x000001eed94320b0  328       3       sun.security.provider.ByteArrayAccess::b2iBig64 (231 bytes)
Event: 1.382 Thread 0x000001eed93c9c40  331       4       jdk.internal.misc.Unsafe::getIntUnaligned (12 bytes)
Event: 1.383 Thread 0x000001eed93c9c40 nmethod 331 0x000001eecc1a8290 code [0x000001eecc1a8400, 0x000001eecc1a84d8]
Event: 1.384 Thread 0x000001eed93c9c40  332       4       java.lang.invoke.VarHandleGuards::guard_LI_I (78 bytes)

GC Heap History (0 events):
No events

Deoptimization events (8 events):
Event: 1.163 Thread 0x000001eebceacfb0 Uncommon trap: trap_request=0xffffffde fr.pc=0x000001eecc19d4bc relative=0x00000000000008dc
Event: 1.163 Thread 0x000001eebceacfb0 Uncommon trap: reason=class_check action=maybe_recompile pc=0x000001eecc19d4bc method=java.util.HashMap.putVal(ILjava/lang/Object;Ljava/lang/Object;ZZ)Ljava/lang/Object; @ 152 c2
Event: 1.163 Thread 0x000001eebceacfb0 DEOPT PACKING pc=0x000001eecc19d4bc sp=0x0000007bea6fe490
Event: 1.163 Thread 0x000001eebceacfb0 DEOPT UNPACKING pc=0x000001eec47123a3 sp=0x0000007bea6fe430 mode 2
Event: 1.202 Thread 0x000001eebceacfb0 Uncommon trap: trap_request=0xffffff45 fr.pc=0x000001eecc19d564 relative=0x0000000000000984
Event: 1.202 Thread 0x000001eebceacfb0 Uncommon trap: reason=unstable_if action=reinterpret pc=0x000001eecc19d564 method=java.util.HashMap.putVal(ILjava/lang/Object;Ljava/lang/Object;ZZ)Ljava/lang/Object; @ 181 c2
Event: 1.202 Thread 0x000001eebceacfb0 DEOPT PACKING pc=0x000001eecc19d564 sp=0x0000007bea6fe2a0
Event: 1.202 Thread 0x000001eebceacfb0 DEOPT UNPACKING pc=0x000001eec47123a3 sp=0x0000007bea6fe260 mode 2

Classes unloaded (0 events):
No events

Classes redefined (0 events):
No events

Internal exceptions (0 events):
No events

VM Operations (6 events):
Event: 0.924 Executing VM operation: HandshakeAllThreads
Event: 0.924 Executing VM operation: HandshakeAllThreads done
Event: 1.031 Executing VM operation: ChangeBreakpoints
Event: 1.031 Executing VM operation: ChangeBreakpoints done
Event: 1.099 Executing VM operation: ChangeBreakpoints
Event: 1.099 Executing VM operation: ChangeBreakpoints done

Events (20 events):
Event: 1.359 loading class java/security/interfaces/XECKey
Event: 1.360 loading class java/security/interfaces/XECKey done
Event: 1.360 loading class sun/security/util/KeyUtil
Event: 1.360 loading class sun/security/util/KeyUtil done
Event: 1.361 loading class sun/security/util/Length
Event: 1.361 loading class sun/security/util/Length done
Event: 1.361 loading class javax/crypto/SecretKey
Event: 1.361 loading class javax/crypto/SecretKey done
Event: 1.364 loading class java/util/Base64
Event: 1.364 loading class java/util/Base64 done
Event: 1.364 loading class java/util/Base64$Decoder
Event: 1.364 loading class java/util/Base64$Decoder done
Event: 1.365 loading class java/util/Base64$Encoder
Event: 1.365 loading class java/util/Base64$Encoder done
Event: 1.366 loading class java/util/jar/JarVerifier$VerifierStream
Event: 1.366 loading class java/util/jar/JarVerifier$VerifierStream done
Event: 1.366 loading class sun/security/util/ManifestEntryVerifier$SunProviderHolder
Event: 1.366 loading class sun/security/util/ManifestEntryVerifier$SunProviderHolder done
Event: 1.374 loading class java/lang/instrument/ClassFileTransformer
Event: 1.375 loading class java/lang/instrument/ClassFileTransformer done


Dynamic libraries:
0x00007ff781220000 - 0x00007ff781230000 	C:\Program Files\Java\jdk-17.0.1\bin\javaw.exe
0x00007ff8a2b70000 - 0x00007ff8a2d65000 	C:\WINDOWS\SYSTEM32\ntdll.dll
0x00007ff8a0bd0000 - 0x00007ff8a0c8e000 	C:\WINDOWS\System32\KERNEL32.DLL
0x00007ff8a0490000 - 0x00007ff8a0758000 	C:\WINDOWS\System32\KERNELBASE.dll
0x00007ff8a0a60000 - 0x00007ff8a0b60000 	C:\WINDOWS\System32\ucrtbase.dll
0x00007ff895750000 - 0x00007ff895768000 	C:\Program Files\Java\jdk-17.0.1\bin\jli.dll
0x00007ff8a13d0000 - 0x00007ff8a147e000 	C:\WINDOWS\System32\ADVAPI32.dll
0x00007ff8a0d00000 - 0x00007ff8a0d9e000 	C:\WINDOWS\System32\msvcrt.dll
0x00007ff8a1130000 - 0x00007ff8a11cc000 	C:\WINDOWS\System32\sechost.dll
0x00007ff8a2970000 - 0x00007ff8a2a95000 	C:\WINDOWS\System32\RPCRT4.dll
0x00007ff8a1e50000 - 0x00007ff8a1ff0000 	C:\WINDOWS\System32\USER32.dll
0x00007ff8a08a0000 - 0x00007ff8a08c2000 	C:\WINDOWS\System32\win32u.dll
0x00007ff8a0f50000 - 0x00007ff8a0f7a000 	C:\WINDOWS\System32\GDI32.dll
0x00007ff8a0290000 - 0x00007ff8a039b000 	C:\WINDOWS\System32\gdi32full.dll
0x00007ff8a03a0000 - 0x00007ff8a043d000 	C:\WINDOWS\System32\msvcp_win.dll
0x00007ff898ba0000 - 0x00007ff898bba000 	C:\Program Files\Java\jdk-17.0.1\bin\VCRUNTIME140.dll
0x00007ff88aad0000 - 0x00007ff88ad6a000 	C:\WINDOWS\WinSxS\amd64_microsoft.windows.common-controls_6595b64144ccf1df_6.0.19041.1110_none_60b5254171f9507e\COMCTL32.dll
0x00007ff895720000 - 0x00007ff89572a000 	C:\WINDOWS\SYSTEM32\VERSION.dll
0x00007ff8a0da0000 - 0x00007ff8a0dd0000 	C:\WINDOWS\System32\IMM32.DLL
0x00007ff899d60000 - 0x00007ff899d6c000 	C:\Program Files\Java\jdk-17.0.1\bin\vcruntime140_1.dll
0x00007ff884ee0000 - 0x00007ff884f6d000 	C:\Program Files\Java\jdk-17.0.1\bin\msvcp140.dll
0x00007ff8745e0000 - 0x00007ff87519e000 	C:\Program Files\Java\jdk-17.0.1\bin\server\jvm.dll
0x00007ff8a0cf0000 - 0x00007ff8a0cf8000 	C:\WINDOWS\System32\PSAPI.DLL
0x00007ff88d290000 - 0x00007ff88d299000 	C:\WINDOWS\SYSTEM32\WSOCK32.dll
0x00007ff8a11d0000 - 0x00007ff8a123b000 	C:\WINDOWS\System32\WS2_32.dll
0x00007ff8915c0000 - 0x00007ff8915e7000 	C:\WINDOWS\SYSTEM32\WINMM.dll
0x00007ff89e0d0000 - 0x00007ff89e0e2000 	C:\WINDOWS\SYSTEM32\kernel.appcore.dll
0x00007ff89dbb0000 - 0x00007ff89dbba000 	C:\Program Files\Java\jdk-17.0.1\bin\jimage.dll
0x00007ff87f740000 - 0x00007ff87f924000 	C:\WINDOWS\SYSTEM32\DBGHELP.DLL
0x00007ff880ce0000 - 0x00007ff880d0c000 	C:\WINDOWS\SYSTEM32\dbgcore.DLL
0x00007ff8a0760000 - 0x00007ff8a07e2000 	C:\WINDOWS\System32\bcryptPrimitives.dll
0x00007ff88fef0000 - 0x00007ff88ff2b000 	C:\Program Files\Java\jdk-17.0.1\bin\jdwp.dll
0x00007ff89dbf0000 - 0x00007ff89dbfe000 	C:\Program Files\Java\jdk-17.0.1\bin\instrument.dll
0x00007ff89bdb0000 - 0x00007ff89bdd5000 	C:\Program Files\Java\jdk-17.0.1\bin\java.dll
0x00007ff89a960000 - 0x00007ff89aa36000 	C:\Program Files\Java\jdk-17.0.1\bin\svml.dll
0x00007ff8a1650000 - 0x00007ff8a1d94000 	C:\WINDOWS\System32\SHELL32.dll
0x00007ff89e3b0000 - 0x00007ff89eb44000 	C:\WINDOWS\SYSTEM32\windows.storage.dll
0x00007ff8a21a0000 - 0x00007ff8a24f4000 	C:\WINDOWS\System32\combase.dll
0x00007ff89fc30000 - 0x00007ff89fc5c000 	C:\WINDOWS\SYSTEM32\Wldp.dll
0x00007ff8a1da0000 - 0x00007ff8a1e4d000 	C:\WINDOWS\System32\SHCORE.dll
0x00007ff8a14e0000 - 0x00007ff8a1535000 	C:\WINDOWS\System32\shlwapi.dll
0x00007ff8a01d0000 - 0x00007ff8a01ef000 	C:\WINDOWS\SYSTEM32\profapi.dll
0x00007ff89dbe0000 - 0x00007ff89dbec000 	C:\Program Files\Java\jdk-17.0.1\bin\dt_socket.dll
0x00007ff89f680000 - 0x00007ff89f6bb000 	C:\WINDOWS\SYSTEM32\IPHLPAPI.DLL
0x00007ff89f990000 - 0x00007ff89f9fa000 	C:\WINDOWS\system32\mswsock.dll
0x00007ff89f6d0000 - 0x00007ff89f79b000 	C:\WINDOWS\SYSTEM32\DNSAPI.dll
0x00007ff8a1640000 - 0x00007ff8a1648000 	C:\WINDOWS\System32\NSI.dll
0x00007ff8985c0000 - 0x00007ff8985ca000 	C:\Windows\System32\rasadhlp.dll
0x00007ff897960000 - 0x00007ff8979df000 	C:\WINDOWS\System32\fwpuclnt.dll
0x00007ff8a08d0000 - 0x00007ff8a08f7000 	C:\WINDOWS\System32\bcrypt.dll
0x00007ff89bd50000 - 0x00007ff89bd68000 	C:\Program Files\Java\jdk-17.0.1\bin\zip.dll
0x00007ff89bd90000 - 0x00007ff89bda9000 	C:\Program Files\Java\jdk-17.0.1\bin\net.dll
0x00007ff898750000 - 0x00007ff89885a000 	C:\WINDOWS\SYSTEM32\WINHTTP.dll
0x00007ff89bd70000 - 0x00007ff89bd85000 	C:\Program Files\Java\jdk-17.0.1\bin\nio.dll

dbghelp: loaded successfully - version: 4.0.5 - missing functions: none
symbol engine: initialized successfully - sym options: 0x614 - pdb path: .;C:\Program Files\Java\jdk-17.0.1\bin;C:\WINDOWS\SYSTEM32;C:\WINDOWS\WinSxS\amd64_microsoft.windows.common-controls_6595b64144ccf1df_6.0.19041.1110_none_60b5254171f9507e;C:\Program Files\Java\jdk-17.0.1\bin\server

VM Arguments:
jvm_args: -XX:+ShowCodeDetailsInExceptionMessages -agentlib:jdwp=transport=dt_socket,suspend=y,address=localhost:50142 -javaagent:C:\Users\HP\eclipse\java-2021-09\eclipse\configuration\org.eclipse.osgi\222\0\.cp\lib\javaagent-shaded.jar -Dfile.encoding=Cp1252 
java_command: gestiónCDs.Main
java_class_path (initial): C:\Users\HP\git\Tarea\gestiónCDs\bin
Launcher Type: SUN_STANDARD

[Global flags]
     intx CICompilerCount                          = 3                                         {product} {ergonomic}
     uint ConcGCThreads                            = 1                                         {product} {ergonomic}
     uint G1ConcRefinementThreads                  = 4                                         {product} {ergonomic}
   size_t G1HeapRegionSize                         = 1048576                                   {product} {ergonomic}
    uintx GCDrainStackTargetSize                   = 64                                        {product} {ergonomic}
   size_t InitialHeapSize                          = 100663296                                 {product} {ergonomic}
   size_t MarkStackSize                            = 4194304                                   {product} {ergonomic}
   size_t MaxHeapSize                              = 1595932672                                {product} {ergonomic}
   size_t MaxNewSize                               = 957349888                                 {product} {ergonomic}
   size_t MinHeapDeltaBytes                        = 1048576                                   {product} {ergonomic}
   size_t MinHeapSize                              = 8388608                                   {product} {ergonomic}
    uintx NonNMethodCodeHeapSize                   = 5832780                                {pd product} {ergonomic}
    uintx NonProfiledCodeHeapSize                  = 122912730                              {pd product} {ergonomic}
    uintx ProfiledCodeHeapSize                     = 122912730                              {pd product} {ergonomic}
    uintx ReservedCodeCacheSize                    = 251658240                              {pd product} {ergonomic}
     bool SegmentedCodeCache                       = true                                      {product} {ergonomic}
     bool ShowCodeDetailsInExceptionMessages       = true                                   {manageable} {command line}
   size_t SoftMaxHeapSize                          = 1595932672                             {manageable} {ergonomic}
     bool UseCompressedClassPointers               = true                           {product lp64_product} {ergonomic}
     bool UseCompressedOops                        = true                           {product lp64_product} {ergonomic}
     bool UseG1GC                                  = true                                      {product} {ergonomic}
     bool UseLargePagesIndividualAllocation        = false                                  {pd product} {ergonomic}

Logging:
Log output configuration:
 #0: stdout all=warning uptime,level,tags
 #1: stderr all=off uptime,level,tags

Environment Variables:
PATH=C:/Program Files/Java/jdk-17.0.1/bin/server;C:/Program Files/Java/jdk-17.0.1/bin;C:\app\HP\product\21c\dbhomeXE\bin;C:\Program Files\Common Files\Oracle\Java\javapath;C:\Windows\system32;C:\Windows;C:\Windows\System32\Wbem;C:\Windows\System32\WindowsPowerShell\v1.0\;C:\Program Files (x86)\NVIDIA Corporation\PhysX\Common;C:\Program Files\NVIDIA Corporation\NVIDIA NvDLISR;C:\WINDOWS\system32;C:\WINDOWS;C:\WINDOWS\System32\Wbem;C:\WINDOWS\System32\WindowsPowerShell\v1.0\;C:\WINDOWS\System32\OpenSSH\;C:\Program Files (x86)\Brackets\command;C:\Program Files (x86)\BaseX\bin;C:\Users\HP\AppData\Local\Microsoft\WindowsApps;;C:\Users\HP\AppData\Local\Programs\Microsoft VS Code\bin;C:\Users\HP\Desktop;
USERNAME=HP
OS=Windows_NT
PROCESSOR_IDENTIFIER=Intel64 Family 6 Model 69 Stepping 1, GenuineIntel



---------------  S Y S T E M  ---------------

OS:
 Windows 10 , 64 bit Build 19041 (10.0.19041.1645)
OS uptime: 0 days 2:39 hours

CPU: total 4 (initial active 4) (2 cores per cpu, 2 threads per core) family 6 model 69 stepping 1 microcode 0x25, cx8, cmov, fxsr, ht, mmx, sse, sse2, sse3, ssse3, sse4.1, sse4.2, popcnt, lzcnt, tsc, tscinvbit, avx, avx2, aes, erms, clmul, bmi1, bmi2, fma, vzeroupper, clflush

Memory: 4k page, system-wide physical 6080M (1228M free)
TotalPageFile size 7736M (AvailPageFile size 3M)
current process WorkingSet (physical memory assigned to process): 41M, peak: 41M
current process commit charge ("private bytes"): 173M, peak: 173M

vm_info: Java HotSpot(TM) 64-Bit Server VM (17.0.1+12-LTS-39) for windows-amd64 JRE (17.0.1+12-LTS-39), built on Sep 27 2021 18:41:35 by "mach5one" with MS VC++ 16.8 (VS2019)

END.
